<?xml version="1.0" encoding="UTF-8"?>
<!-- Generated by org.testng.reporters.JUnitReportReporter -->
<testsuite skipped="0" hostname="DESKTOP-25J6UA9" name="org.launch.AdactinHotelApp" tests="6" failures="0" timestamp="31 Aug 2021 10:48:44 GMT" time="17.508" errors="0">
  <testcase name="loginPage" time="4.022" classname="org.launch.AdactinHotelApp"/>
  <testcase name="searchHotel" time="3.022" classname="org.launch.AdactinHotelApp"/>
  <testcase name="selectHotel" time="1.335" classname="org.launch.AdactinHotelApp"/>
  <testcase name="SearchHotel" time="1.782" classname="org.launch.AdactinHotelApp"/>
  <testcase name="hotelConfirm" time="6.771" classname="org.launch.AdactinHotelApp"/>
  <testcase name="bookedhotels" time="0.576" classname="org.launch.AdactinHotelApp"/>
</testsuite> <!-- org.launch.AdactinHotelApp -->
