<?xml version="1.0" encoding="UTF-8"?>
<!-- Generated by org.testng.reporters.JUnitReportReporter -->
<testsuite skipped="0" hostname="DESKTOP-25J6UA9" name="org.sample.Sample1" tests="5" failures="0" timestamp="31 Aug 2021 11:33:01 GMT" time="20.638" errors="0">
  <testcase name="login" time="5.184" classname="org.sample.Sample1"/>
  <testcase name="searchPage" time="2.713" classname="org.sample.Sample1"/>
  <testcase name="selectPage" time="0.910" classname="org.sample.Sample1"/>
  <testcase name="bookhotel" time="2.417" classname="org.sample.Sample1"/>
  <testcase name="hotelconfirm" time="9.414" classname="org.sample.Sample1"/>
</testsuite> <!-- org.sample.Sample1 -->
